Build started 15.5.2015 1:12:44.
     1>Project "C:\Users\Pyry\Desktop\GravityJump\sfml-demo\sfml-demo\sfml-demo.vcxproj" on node 2 (Build target(s)).
     1>ClCompile:
         D:\Visual Studio\VC\bin\CL.exe /c /I"C:\Users\Pyry\Desktop\GravityJump\sfml-demo\sfml-demo\include\\" /I"C:\Users\Pyry\Desktop\GravityJump\sfml-demo\..\SFML-2.2\include" /ZI /nologo /W4 /WX- /Od /Oy- /D SFML_STATIC /D WIN32 /D _DEBUG /D _WINDOWS /D _UNICODE /D UNICODE /Gm /EHsc /RTC1 /MDd /GS /fp:precise /Zc:wchar_t /Zc:forScope /Fo"C:\Users\Pyry\Desktop\GravityJump\sfml-demo\sfml-demo\obj\Debug\\" /Fd"C:\Users\Pyry\Desktop\GravityJump\sfml-demo\sfml-demo\obj\Debug\vc120.pdb" /Gd /TP /analyze- /errorReport:prompt testMain.cpp
         testMain.cpp
     1>c:\users\pyry\desktop\gravityjump\sfml-demo\sfml-demo\testmain.cpp(124): warning C4244: 'argument' : conversion from 'int' to 'float', possible loss of data
     1>c:\users\pyry\desktop\gravityjump\sfml-demo\sfml-demo\testmain.cpp(127): warning C4244: 'argument' : conversion from 'int' to 'float', possible loss of data
     1>c:\users\pyry\desktop\gravityjump\sfml-demo\sfml-demo\testmain.cpp(129): warning C4244: 'argument' : conversion from 'int' to 'float', possible loss of data
     1>c:\users\pyry\desktop\gravityjump\sfml-demo\sfml-demo\testmain.cpp(156): warning C4145: '||' : relational expression as switch expression; possible confusion with '|'
     1>c:\users\pyry\desktop\gravityjump\sfml-demo\sfml-demo\testmain.cpp(170): warning C4244: 'argument' : conversion from 'int' to 'float', possible loss of data
     1>c:\users\pyry\desktop\gravityjump\sfml-demo\sfml-demo\testmain.cpp(199): warning C4018: '<' : signed/unsigned mismatch
     1>c:\users\pyry\desktop\gravityjump\sfml-demo\sfml-demo\testmain.cpp(201): warning C4018: '<' : signed/unsigned mismatch
     1>c:\users\pyry\desktop\gravityjump\sfml-demo\sfml-demo\testmain.cpp(205): warning C4244: 'argument' : conversion from 'int' to 'float', possible loss of data
     1>c:\users\pyry\desktop\gravityjump\sfml-demo\sfml-demo\testmain.cpp(247): warning C4018: '<' : signed/unsigned mismatch
     1>c:\users\pyry\desktop\gravityjump\sfml-demo\sfml-demo\testmain.cpp(249): warning C4018: '<' : signed/unsigned mismatch
     1>c:\users\pyry\desktop\gravityjump\sfml-demo\sfml-demo\testmain.cpp(253): warning C4244: 'argument' : conversion from 'int' to 'float', possible loss of data
       Link:
         D:\Visual Studio\VC\bin\link.exe /ERRORREPORT:PROMPT /OUT:"C:\Users\Pyry\Desktop\GravityJump\sfml-demo\Debug\sfml-demo.exe" /INCREMENTAL /NOLOGO /LIBPATH:"C:\Users\Pyry\Desktop\GravityJump\sfml-demo\..\SFML-2.2\lib\\" freetype.lib glew.lib jpeg.lib opengl32.lib "sfml-graphics-s-d.lib" "sfml-window-s-d.lib" "sfml-system-s-d.lib" winmm.lib "sfml-audio-s-d.lib" sndfile.lib openal32.lib kernel32.lib user32.lib gdi32.lib winspool.lib comdlg32.lib advapi32.lib shell32.lib ole32.lib oleaut32.lib uuid.lib odbc32.lib odbccp32.lib /MANIFEST /MANIFESTUAC:"level='asInvoker' uiAccess='false'" /manifest:embed /DEBUG /PDB:"C:\Users\Pyry\Desktop\GravityJump\sfml-demo\Debug\sfml-demo.pdb" /SUBSYSTEM:CONSOLE /TLBID:1 /ENTRY:"mainCRTStartup" /DYNAMICBASE /NXCOMPAT /IMPLIB:"C:\Users\Pyry\Desktop\GravityJump\sfml-demo\Debug\sfml-demo.lib" /MACHINE:X86 "C:\Users\Pyry\Desktop\GravityJump\sfml-demo\sfml-demo\obj\Debug\Background.obj"
         "C:\Users\Pyry\Desktop\GravityJump\sfml-demo\sfml-demo\obj\Debug\Credits.obj"
         "C:\Users\Pyry\Desktop\GravityJump\sfml-demo\sfml-demo\obj\Debug\Item.obj"
         "C:\Users\Pyry\Desktop\GravityJump\sfml-demo\sfml-demo\obj\Debug\Main.obj"
         "C:\Users\Pyry\Desktop\GravityJump\sfml-demo\sfml-demo\obj\Debug\Menu.obj"
         "C:\Users\Pyry\Desktop\GravityJump\sfml-demo\sfml-demo\obj\Debug\Player.obj"
         "C:\Users\Pyry\Desktop\GravityJump\sfml-demo\sfml-demo\obj\Debug\testMain.obj"
         "C:\Users\Pyry\Desktop\GravityJump\sfml-demo\sfml-demo\obj\Debug\Tile.obj"
         sfml-demo.vcxproj -> C:\Users\Pyry\Desktop\GravityJump\sfml-demo\Debug\sfml-demo.exe
     1>Done Building Project "C:\Users\Pyry\Desktop\GravityJump\sfml-demo\sfml-demo\sfml-demo.vcxproj" (Build target(s)).

Build succeeded.

Time Elapsed 00:00:00.70
